<?xml version="1.0" encoding="UTF-8"?>
<testsuite xmlns:xsi="http://www.w3.org/2001/XMLSchema-instance" xsi:noNamespaceSchemaLocation="https://maven.apache.org/surefire/maven-surefire-plugin/xsd/surefire-test-report.xsd" version="3.0.2" name="TestSuite" time="31.296" tests="5" errors="0" skipped="0" failures="0">
  <properties>
    <property name="java.specification.version" value="21"/>
    <property name="sun.jnu.encoding" value="UTF-8"/>
    <property name="java.class.path" value="/Users/girishkalyan/Desktop/SeleniumWork/SeleniumFrameWork/target/test-classes:/Users/girishkalyan/Desktop/SeleniumWork/SeleniumFrameWork/target/classes:/Users/girishkalyan/.m2/repository/org/seleniumhq/selenium/selenium-java/4.26.0/selenium-java-4.26.0.jar:/Users/girishkalyan/.m2/repository/org/seleniumhq/selenium/selenium-api/4.26.0/selenium-api-4.26.0.jar:/Users/girishkalyan/.m2/repository/org/jspecify/jspecify/1.0.0/jspecify-1.0.0.jar:/Users/girishkalyan/.m2/repository/org/seleniumhq/selenium/selenium-chrome-driver/4.26.0/selenium-chrome-driver-4.26.0.jar:/Users/girishkalyan/.m2/repository/com/google/auto/service/auto-service-annotations/1.1.1/auto-service-annotations-1.1.1.jar:/Users/girishkalyan/.m2/repository/org/seleniumhq/selenium/selenium-chromium-driver/4.26.0/selenium-chromium-driver-4.26.0.jar:/Users/girishkalyan/.m2/repository/org/seleniumhq/selenium/selenium-json/4.26.0/selenium-json-4.26.0.jar:/Users/girishkalyan/.m2/repository/org/seleniumhq/selenium/selenium-manager/4.26.0/selenium-manager-4.26.0.jar:/Users/girishkalyan/.m2/repository/org/seleniumhq/selenium/selenium-devtools-v128/4.26.0/selenium-devtools-v128-4.26.0.jar:/Users/girishkalyan/.m2/repository/org/seleniumhq/selenium/selenium-devtools-v129/4.26.0/selenium-devtools-v129-4.26.0.jar:/Users/girishkalyan/.m2/repository/org/seleniumhq/selenium/selenium-devtools-v130/4.26.0/selenium-devtools-v130-4.26.0.jar:/Users/girishkalyan/.m2/repository/org/seleniumhq/selenium/selenium-devtools-v85/4.26.0/selenium-devtools-v85-4.26.0.jar:/Users/girishkalyan/.m2/repository/org/seleniumhq/selenium/selenium-edge-driver/4.26.0/selenium-edge-driver-4.26.0.jar:/Users/girishkalyan/.m2/repository/org/seleniumhq/selenium/selenium-firefox-driver/4.26.0/selenium-firefox-driver-4.26.0.jar:/Users/girishkalyan/.m2/repository/org/seleniumhq/selenium/selenium-http/4.26.0/selenium-http-4.26.0.jar:/Users/girishkalyan/.m2/repository/dev/failsafe/failsafe/3.3.2/failsafe-3.3.2.jar:/Users/girishkalyan/.m2/repository/org/seleniumhq/selenium/selenium-ie-driver/4.26.0/selenium-ie-driver-4.26.0.jar:/Users/girishkalyan/.m2/repository/org/seleniumhq/selenium/selenium-remote-driver/4.26.0/selenium-remote-driver-4.26.0.jar:/Users/girishkalyan/.m2/repository/com/google/guava/guava/33.3.1-jre/guava-33.3.1-jre.jar:/Users/girishkalyan/.m2/repository/com/google/guava/failureaccess/1.0.2/failureaccess-1.0.2.jar:/Users/girishkalyan/.m2/repository/com/google/guava/listenablefuture/9999.0-empty-to-avoid-conflict-with-guava/listenablefuture-9999.0-empty-to-avoid-conflict-with-guava.jar:/Users/girishkalyan/.m2/repository/com/google/code/findbugs/jsr305/3.0.2/jsr305-3.0.2.jar:/Users/girishkalyan/.m2/repository/org/checkerframework/checker-qual/3.43.0/checker-qual-3.43.0.jar:/Users/girishkalyan/.m2/repository/com/google/errorprone/error_prone_annotations/2.28.0/error_prone_annotations-2.28.0.jar:/Users/girishkalyan/.m2/repository/com/google/j2objc/j2objc-annotations/3.0.0/j2objc-annotations-3.0.0.jar:/Users/girishkalyan/.m2/repository/io/opentelemetry/semconv/opentelemetry-semconv/1.25.0-alpha/opentelemetry-semconv-1.25.0-alpha.jar:/Users/girishkalyan/.m2/repository/io/opentelemetry/opentelemetry-api/1.43.0/opentelemetry-api-1.43.0.jar:/Users/girishkalyan/.m2/repository/io/opentelemetry/opentelemetry-context/1.43.0/opentelemetry-context-1.43.0.jar:/Users/girishkalyan/.m2/repository/io/opentelemetry/opentelemetry-exporter-logging/1.43.0/opentelemetry-exporter-logging-1.43.0.jar:/Users/girishkalyan/.m2/repository/io/opentelemetry/opentelemetry-sdk-common/1.43.0/opentelemetry-sdk-common-1.43.0.jar:/Users/girishkalyan/.m2/repository/io/opentelemetry/opentelemetry-sdk-extension-autoconfigure-spi/1.43.0/opentelemetry-sdk-extension-autoconfigure-spi-1.43.0.jar:/Users/girishkalyan/.m2/repository/io/opentelemetry/opentelemetry-sdk-extension-autoconfigure/1.43.0/opentelemetry-sdk-extension-autoconfigure-1.43.0.jar:/Users/girishkalyan/.m2/repository/io/opentelemetry/opentelemetry-api-incubator/1.43.0-alpha/opentelemetry-api-incubator-1.43.0-alpha.jar:/Users/girishkalyan/.m2/repository/io/opentelemetry/opentelemetry-sdk-trace/1.43.0/opentelemetry-sdk-trace-1.43.0.jar:/Users/girishkalyan/.m2/repository/io/opentelemetry/opentelemetry-sdk/1.43.0/opentelemetry-sdk-1.43.0.jar:/Users/girishkalyan/.m2/repository/io/opentelemetry/opentelemetry-sdk-metrics/1.43.0/opentelemetry-sdk-metrics-1.43.0.jar:/Users/girishkalyan/.m2/repository/io/opentelemetry/opentelemetry-sdk-logs/1.43.0/opentelemetry-sdk-logs-1.43.0.jar:/Users/girishkalyan/.m2/repository/net/bytebuddy/byte-buddy/1.15.7/byte-buddy-1.15.7.jar:/Users/girishkalyan/.m2/repository/org/seleniumhq/selenium/selenium-os/4.26.0/selenium-os-4.26.0.jar:/Users/girishkalyan/.m2/repository/org/apache/commons/commons-exec/1.4.0/commons-exec-1.4.0.jar:/Users/girishkalyan/.m2/repository/org/seleniumhq/selenium/selenium-safari-driver/4.26.0/selenium-safari-driver-4.26.0.jar:/Users/girishkalyan/.m2/repository/org/seleniumhq/selenium/selenium-support/4.26.0/selenium-support-4.26.0.jar:/Users/girishkalyan/.m2/repository/com/fasterxml/jackson/core/jackson-databind/2.18.2/jackson-databind-2.18.2.jar:/Users/girishkalyan/.m2/repository/com/fasterxml/jackson/core/jackson-annotations/2.18.2/jackson-annotations-2.18.2.jar:/Users/girishkalyan/.m2/repository/com/fasterxml/jackson/core/jackson-core/2.18.2/jackson-core-2.18.2.jar:/Users/girishkalyan/.m2/repository/com/aventstack/extentreports/5.1.2/extentreports-5.1.2.jar:/Users/girishkalyan/.m2/repository/io/reactivex/rxjava3/rxjava/3.1.6/rxjava-3.1.6.jar:/Users/girishkalyan/.m2/repository/org/reactivestreams/reactive-streams/1.0.4/reactive-streams-1.0.4.jar:/Users/girishkalyan/.m2/repository/org/freemarker/freemarker/2.3.32/freemarker-2.3.32.jar:/Users/girishkalyan/.m2/repository/org/projectlombok/lombok/1.18.26/lombok-1.18.26.jar:/Users/girishkalyan/.m2/repository/com/google/code/gson/gson/2.10.1/gson-2.10.1.jar:/Users/girishkalyan/.m2/repository/org/testng/testng/7.10.1/testng-7.10.1.jar:/Users/girishkalyan/.m2/repository/org/slf4j/slf4j-api/1.7.36/slf4j-api-1.7.36.jar:/Users/girishkalyan/.m2/repository/com/beust/jcommander/1.82/jcommander-1.82.jar:/Users/girishkalyan/.m2/repository/org/webjars/jquery/3.7.1/jquery-3.7.1.jar:/Users/girishkalyan/.m2/repository/commons-io/commons-io/2.18.0/commons-io-2.18.0.jar:/Users/girishkalyan/.m2/repository/io/github/bonigarcia/webdrivermanager/5.9.1/webdrivermanager-5.9.1.jar:/Users/girishkalyan/.m2/repository/com/github/docker-java/docker-java/3.3.6/docker-java-3.3.6.jar:/Users/girishkalyan/.m2/repository/com/github/docker-java/docker-java-core/3.3.6/docker-java-core-3.3.6.jar:/Users/girishkalyan/.m2/repository/com/github/docker-java/docker-java-api/3.3.6/docker-java-api-3.3.6.jar:/Users/girishkalyan/.m2/repository/org/slf4j/jcl-over-slf4j/1.7.30/jcl-over-slf4j-1.7.30.jar:/Users/girishkalyan/.m2/repository/com/github/docker-java/docker-java-transport-httpclient5/3.3.6/docker-java-transport-httpclient5-3.3.6.jar:/Users/girishkalyan/.m2/repository/com/github/docker-java/docker-java-transport/3.3.6/docker-java-transport-3.3.6.jar:/Users/girishkalyan/.m2/repository/net/java/dev/jna/jna/5.13.0/jna-5.13.0.jar:/Users/girishkalyan/.m2/repository/org/brotli/dec/0.1.2/dec-0.1.2.jar:/Users/girishkalyan/.m2/repository/org/apache/commons/commons-lang3/3.14.0/commons-lang3-3.14.0.jar:/Users/girishkalyan/.m2/repository/org/apache/commons/commons-compress/1.26.2/commons-compress-1.26.2.jar:/Users/girishkalyan/.m2/repository/commons-codec/commons-codec/1.17.0/commons-codec-1.17.0.jar:/Users/girishkalyan/.m2/repository/org/apache/httpcomponents/client5/httpclient5/5.2.1/httpclient5-5.2.1.jar:/Users/girishkalyan/.m2/repository/org/apache/httpcomponents/core5/httpcore5/5.2/httpcore5-5.2.jar:/Users/girishkalyan/.m2/repository/org/apache/httpcomponents/core5/httpcore5-h2/5.2/httpcore5-h2-5.2.jar:/Users/girishkalyan/.m2/repository/junit/junit/3.8.1/junit-3.8.1.jar:"/>
    <property name="java.vm.vendor" value="Oracle Corporation"/>
    <property name="sun.arch.data.model" value="64"/>
    <property name="java.vendor.url" value="https://java.oracle.com/"/>
    <property name="user.timezone" value="Asia/Kolkata"/>
    <property name="os.name" value="Mac OS X"/>
    <property name="java.vm.specification.version" value="21"/>
    <property name="sun.java.launcher" value="SUN_STANDARD"/>
    <property name="user.country" value="US"/>
    <property name="sun.boot.library.path" value="/Library/Java/JavaVirtualMachines/jdk-21.jdk/Contents/Home/lib"/>
    <property name="sun.java.command" value="/Users/girishkalyan/Desktop/SeleniumWork/SeleniumFrameWork/target/surefire/surefirebooter-20250216150201414_3.jar /Users/girishkalyan/Desktop/SeleniumWork/SeleniumFrameWork/target/surefire 2025-02-16T15-02-01_381-jvmRun1 surefire-20250216150201414_1tmp surefire_0-20250216150201414_2tmp"/>
    <property name="http.nonProxyHosts" value="local|*.local|169.254/16|*.169.254/16"/>
    <property name="jdk.debug" value="release"/>
    <property name="surefire.test.class.path" value="/Users/girishkalyan/Desktop/SeleniumWork/SeleniumFrameWork/target/test-classes:/Users/girishkalyan/Desktop/SeleniumWork/SeleniumFrameWork/target/classes:/Users/girishkalyan/.m2/repository/org/seleniumhq/selenium/selenium-java/4.26.0/selenium-java-4.26.0.jar:/Users/girishkalyan/.m2/repository/org/seleniumhq/selenium/selenium-api/4.26.0/selenium-api-4.26.0.jar:/Users/girishkalyan/.m2/repository/org/jspecify/jspecify/1.0.0/jspecify-1.0.0.jar:/Users/girishkalyan/.m2/repository/org/seleniumhq/selenium/selenium-chrome-driver/4.26.0/selenium-chrome-driver-4.26.0.jar:/Users/girishkalyan/.m2/repository/com/google/auto/service/auto-service-annotations/1.1.1/auto-service-annotations-1.1.1.jar:/Users/girishkalyan/.m2/repository/org/seleniumhq/selenium/selenium-chromium-driver/4.26.0/selenium-chromium-driver-4.26.0.jar:/Users/girishkalyan/.m2/repository/org/seleniumhq/selenium/selenium-json/4.26.0/selenium-json-4.26.0.jar:/Users/girishkalyan/.m2/repository/org/seleniumhq/selenium/selenium-manager/4.26.0/selenium-manager-4.26.0.jar:/Users/girishkalyan/.m2/repository/org/seleniumhq/selenium/selenium-devtools-v128/4.26.0/selenium-devtools-v128-4.26.0.jar:/Users/girishkalyan/.m2/repository/org/seleniumhq/selenium/selenium-devtools-v129/4.26.0/selenium-devtools-v129-4.26.0.jar:/Users/girishkalyan/.m2/repository/org/seleniumhq/selenium/selenium-devtools-v130/4.26.0/selenium-devtools-v130-4.26.0.jar:/Users/girishkalyan/.m2/repository/org/seleniumhq/selenium/selenium-devtools-v85/4.26.0/selenium-devtools-v85-4.26.0.jar:/Users/girishkalyan/.m2/repository/org/seleniumhq/selenium/selenium-edge-driver/4.26.0/selenium-edge-driver-4.26.0.jar:/Users/girishkalyan/.m2/repository/org/seleniumhq/selenium/selenium-firefox-driver/4.26.0/selenium-firefox-driver-4.26.0.jar:/Users/girishkalyan/.m2/repository/org/seleniumhq/selenium/selenium-http/4.26.0/selenium-http-4.26.0.jar:/Users/girishkalyan/.m2/repository/dev/failsafe/failsafe/3.3.2/failsafe-3.3.2.jar:/Users/girishkalyan/.m2/repository/org/seleniumhq/selenium/selenium-ie-driver/4.26.0/selenium-ie-driver-4.26.0.jar:/Users/girishkalyan/.m2/repository/org/seleniumhq/selenium/selenium-remote-driver/4.26.0/selenium-remote-driver-4.26.0.jar:/Users/girishkalyan/.m2/repository/com/google/guava/guava/33.3.1-jre/guava-33.3.1-jre.jar:/Users/girishkalyan/.m2/repository/com/google/guava/failureaccess/1.0.2/failureaccess-1.0.2.jar:/Users/girishkalyan/.m2/repository/com/google/guava/listenablefuture/9999.0-empty-to-avoid-conflict-with-guava/listenablefuture-9999.0-empty-to-avoid-conflict-with-guava.jar:/Users/girishkalyan/.m2/repository/com/google/code/findbugs/jsr305/3.0.2/jsr305-3.0.2.jar:/Users/girishkalyan/.m2/repository/org/checkerframework/checker-qual/3.43.0/checker-qual-3.43.0.jar:/Users/girishkalyan/.m2/repository/com/google/errorprone/error_prone_annotations/2.28.0/error_prone_annotations-2.28.0.jar:/Users/girishkalyan/.m2/repository/com/google/j2objc/j2objc-annotations/3.0.0/j2objc-annotations-3.0.0.jar:/Users/girishkalyan/.m2/repository/io/opentelemetry/semconv/opentelemetry-semconv/1.25.0-alpha/opentelemetry-semconv-1.25.0-alpha.jar:/Users/girishkalyan/.m2/repository/io/opentelemetry/opentelemetry-api/1.43.0/opentelemetry-api-1.43.0.jar:/Users/girishkalyan/.m2/repository/io/opentelemetry/opentelemetry-context/1.43.0/opentelemetry-context-1.43.0.jar:/Users/girishkalyan/.m2/repository/io/opentelemetry/opentelemetry-exporter-logging/1.43.0/opentelemetry-exporter-logging-1.43.0.jar:/Users/girishkalyan/.m2/repository/io/opentelemetry/opentelemetry-sdk-common/1.43.0/opentelemetry-sdk-common-1.43.0.jar:/Users/girishkalyan/.m2/repository/io/opentelemetry/opentelemetry-sdk-extension-autoconfigure-spi/1.43.0/opentelemetry-sdk-extension-autoconfigure-spi-1.43.0.jar:/Users/girishkalyan/.m2/repository/io/opentelemetry/opentelemetry-sdk-extension-autoconfigure/1.43.0/opentelemetry-sdk-extension-autoconfigure-1.43.0.jar:/Users/girishkalyan/.m2/repository/io/opentelemetry/opentelemetry-api-incubator/1.43.0-alpha/opentelemetry-api-incubator-1.43.0-alpha.jar:/Users/girishkalyan/.m2/repository/io/opentelemetry/opentelemetry-sdk-trace/1.43.0/opentelemetry-sdk-trace-1.43.0.jar:/Users/girishkalyan/.m2/repository/io/opentelemetry/opentelemetry-sdk/1.43.0/opentelemetry-sdk-1.43.0.jar:/Users/girishkalyan/.m2/repository/io/opentelemetry/opentelemetry-sdk-metrics/1.43.0/opentelemetry-sdk-metrics-1.43.0.jar:/Users/girishkalyan/.m2/repository/io/opentelemetry/opentelemetry-sdk-logs/1.43.0/opentelemetry-sdk-logs-1.43.0.jar:/Users/girishkalyan/.m2/repository/net/bytebuddy/byte-buddy/1.15.7/byte-buddy-1.15.7.jar:/Users/girishkalyan/.m2/repository/org/seleniumhq/selenium/selenium-os/4.26.0/selenium-os-4.26.0.jar:/Users/girishkalyan/.m2/repository/org/apache/commons/commons-exec/1.4.0/commons-exec-1.4.0.jar:/Users/girishkalyan/.m2/repository/org/seleniumhq/selenium/selenium-safari-driver/4.26.0/selenium-safari-driver-4.26.0.jar:/Users/girishkalyan/.m2/repository/org/seleniumhq/selenium/selenium-support/4.26.0/selenium-support-4.26.0.jar:/Users/girishkalyan/.m2/repository/com/fasterxml/jackson/core/jackson-databind/2.18.2/jackson-databind-2.18.2.jar:/Users/girishkalyan/.m2/repository/com/fasterxml/jackson/core/jackson-annotations/2.18.2/jackson-annotations-2.18.2.jar:/Users/girishkalyan/.m2/repository/com/fasterxml/jackson/core/jackson-core/2.18.2/jackson-core-2.18.2.jar:/Users/girishkalyan/.m2/repository/com/aventstack/extentreports/5.1.2/extentreports-5.1.2.jar:/Users/girishkalyan/.m2/repository/io/reactivex/rxjava3/rxjava/3.1.6/rxjava-3.1.6.jar:/Users/girishkalyan/.m2/repository/org/reactivestreams/reactive-streams/1.0.4/reactive-streams-1.0.4.jar:/Users/girishkalyan/.m2/repository/org/freemarker/freemarker/2.3.32/freemarker-2.3.32.jar:/Users/girishkalyan/.m2/repository/org/projectlombok/lombok/1.18.26/lombok-1.18.26.jar:/Users/girishkalyan/.m2/repository/com/google/code/gson/gson/2.10.1/gson-2.10.1.jar:/Users/girishkalyan/.m2/repository/org/testng/testng/7.10.1/testng-7.10.1.jar:/Users/girishkalyan/.m2/repository/org/slf4j/slf4j-api/1.7.36/slf4j-api-1.7.36.jar:/Users/girishkalyan/.m2/repository/com/beust/jcommander/1.82/jcommander-1.82.jar:/Users/girishkalyan/.m2/repository/org/webjars/jquery/3.7.1/jquery-3.7.1.jar:/Users/girishkalyan/.m2/repository/commons-io/commons-io/2.18.0/commons-io-2.18.0.jar:/Users/girishkalyan/.m2/repository/io/github/bonigarcia/webdrivermanager/5.9.1/webdrivermanager-5.9.1.jar:/Users/girishkalyan/.m2/repository/com/github/docker-java/docker-java/3.3.6/docker-java-3.3.6.jar:/Users/girishkalyan/.m2/repository/com/github/docker-java/docker-java-core/3.3.6/docker-java-core-3.3.6.jar:/Users/girishkalyan/.m2/repository/com/github/docker-java/docker-java-api/3.3.6/docker-java-api-3.3.6.jar:/Users/girishkalyan/.m2/repository/org/slf4j/jcl-over-slf4j/1.7.30/jcl-over-slf4j-1.7.30.jar:/Users/girishkalyan/.m2/repository/com/github/docker-java/docker-java-transport-httpclient5/3.3.6/docker-java-transport-httpclient5-3.3.6.jar:/Users/girishkalyan/.m2/repository/com/github/docker-java/docker-java-transport/3.3.6/docker-java-transport-3.3.6.jar:/Users/girishkalyan/.m2/repository/net/java/dev/jna/jna/5.13.0/jna-5.13.0.jar:/Users/girishkalyan/.m2/repository/org/brotli/dec/0.1.2/dec-0.1.2.jar:/Users/girishkalyan/.m2/repository/org/apache/commons/commons-lang3/3.14.0/commons-lang3-3.14.0.jar:/Users/girishkalyan/.m2/repository/org/apache/commons/commons-compress/1.26.2/commons-compress-1.26.2.jar:/Users/girishkalyan/.m2/repository/commons-codec/commons-codec/1.17.0/commons-codec-1.17.0.jar:/Users/girishkalyan/.m2/repository/org/apache/httpcomponents/client5/httpclient5/5.2.1/httpclient5-5.2.1.jar:/Users/girishkalyan/.m2/repository/org/apache/httpcomponents/core5/httpcore5/5.2/httpcore5-5.2.jar:/Users/girishkalyan/.m2/repository/org/apache/httpcomponents/core5/httpcore5-h2/5.2/httpcore5-h2-5.2.jar:/Users/girishkalyan/.m2/repository/junit/junit/3.8.1/junit-3.8.1.jar:"/>
    <property name="sun.cpu.endian" value="little"/>
    <property name="user.home" value="/Users/girishkalyan"/>
    <property name="user.language" value="en"/>
    <property name="java.specification.vendor" value="Oracle Corporation"/>
    <property name="java.version.date" value="2024-04-16"/>
    <property name="java.home" value="/Library/Java/JavaVirtualMachines/jdk-21.jdk/Contents/Home"/>
    <property name="file.separator" value="/"/>
    <property name="basedir" value="/Users/girishkalyan/Desktop/SeleniumWork/SeleniumFrameWork"/>
    <property name="java.vm.compressedOopsMode" value="Zero based"/>
    <property name="line.separator" value="&#10;"/>
    <property name="java.vm.specification.vendor" value="Oracle Corporation"/>
    <property name="java.specification.name" value="Java Platform API Specification"/>
    <property name="apple.awt.application.name" value="ForkedBooter"/>
    <property name="surefire.real.class.path" value="/Users/girishkalyan/Desktop/SeleniumWork/SeleniumFrameWork/target/surefire/surefirebooter-20250216150201414_3.jar"/>
    <property name="sun.management.compiler" value="HotSpot 64-Bit Tiered Compilers"/>
    <property name="ftp.nonProxyHosts" value="local|*.local|169.254/16|*.169.254/16"/>
    <property name="java.runtime.version" value="21.0.3+7-LTS-152"/>
    <property name="user.name" value="girishkalyan"/>
    <property name="stdout.encoding" value="UTF-8"/>
    <property name="path.separator" value=":"/>
    <property name="os.version" value="15.3"/>
    <property name="java.runtime.name" value="Java(TM) SE Runtime Environment"/>
    <property name="file.encoding" value="UTF-8"/>
    <property name="browser" value="chrome"/>
    <property name="java.vm.name" value="Java HotSpot(TM) 64-Bit Server VM"/>
    <property name="localRepository" value="/Users/girishkalyan/.m2/repository"/>
    <property name="java.vendor.url.bug" value="https://bugreport.java.com/bugreport/"/>
    <property name="java.io.tmpdir" value="/var/folders/p8/1srmx7y90115trqs4sl_x1_w0000gn/T/"/>
    <property name="java.version" value="21.0.3"/>
    <property name="user.dir" value="/Users/girishkalyan/Desktop/SeleniumWork/SeleniumFrameWork"/>
    <property name="os.arch" value="aarch64"/>
    <property name="java.vm.specification.name" value="Java Virtual Machine Specification"/>
    <property name="native.encoding" value="UTF-8"/>
    <property name="java.library.path" value="/Users/girishkalyan/Library/Java/Extensions:/Library/Java/Extensions:/Network/Library/Java/Extensions:/System/Library/Java/Extensions:/usr/lib/java:."/>
    <property name="java.vm.info" value="mixed mode, sharing"/>
    <property name="stderr.encoding" value="UTF-8"/>
    <property name="java.vendor" value="Oracle Corporation"/>
    <property name="java.vm.version" value="21.0.3+7-LTS-152"/>
    <property name="sun.io.unicode.encoding" value="UnicodeBig"/>
    <property name="socksNonProxyHosts" value="local|*.local|169.254/16|*.169.254/16"/>
    <property name="java.class.version" value="65.0"/>
  </properties>
  <testcase name="errorTest" classname="Automated.Tests.NegativeTest" time="0.204">
    <system-out><![CDATA[Test Suite Started: Negative Test
Test Suite Started: Positive Test
Test Started: errorTest
Test Started: checkOrder
Test Passed: errorTest
]]></system-out>
    <system-err><![CDATA[SLF4J: Failed to load class "org.slf4j.impl.StaticLoggerBinder".
SLF4J: Defaulting to no-operation (NOP) logger implementation
SLF4J: See http://www.slf4j.org/codes.html#StaticLoggerBinder for further details.
Feb 16, 2025 3:02:03 PM org.openqa.selenium.devtools.CdpVersionFinder findNearestMatch
WARNING: Unable to find an exact match for CDP version 133, returning the closest version; found: 130; Please update to a Selenium version that supports CDP version 133
Feb 16, 2025 3:02:03 PM org.openqa.selenium.devtools.CdpVersionFinder findNearestMatch
WARNING: Unable to find an exact match for CDP version 133, returning the closest version; found: 130; Please update to a Selenium version that supports CDP version 133
]]></system-err>
  </testcase>
  <testcase name="productErrorValidation" classname="Automated.Tests.NegativeTest" time="8.442">
    <system-out><![CDATA[Test Started: productErrorValidation
Test Started: orderZaraCoat
Test Passed: productErrorValidation
]]></system-out>
    <system-err><![CDATA[Feb 16, 2025 3:02:05 PM org.openqa.selenium.devtools.CdpVersionFinder findNearestMatch
WARNING: Unable to find an exact match for CDP version 133, returning the closest version; found: 130; Please update to a Selenium version that supports CDP version 133
Feb 16, 2025 3:02:06 PM org.openqa.selenium.devtools.CdpVersionFinder findNearestMatch
WARNING: Unable to find an exact match for CDP version 133, returning the closest version; found: 130; Please update to a Selenium version that supports CDP version 133
]]></system-err>
  </testcase>
  <testcase name="checkOrder" classname="Automated.Tests.OrderE2ETest" time="0.378">
    <system-out><![CDATA[Test Passed: checkOrder
]]></system-out>
  </testcase>
  <testcase name="orderZaraCoat[{password=Kk@12345, email=raavan123@nomail.com, myprod=ZARA COAT 3}](1)" classname="Automated.Tests.OrderE2ETest" time="11.1">
    <system-out><![CDATA[Test Suite Finished: Negative Test
Test Passed: orderZaraCoat
]]></system-out>
  </testcase>
  <testcase name="orderZaraCoat[{password=Kk@12345, email=raavan123@nomail.com, myprod=ZARA COAT 3}](2)" classname="Automated.Tests.OrderE2ETest" time="11.084">
    <system-out><![CDATA[Test Started: orderZaraCoat
Test Passed: orderZaraCoat
]]></system-out>
    <system-err><![CDATA[Feb 16, 2025 3:02:20 PM org.openqa.selenium.devtools.CdpVersionFinder findNearestMatch
WARNING: Unable to find an exact match for CDP version 133, returning the closest version; found: 130; Please update to a Selenium version that supports CDP version 133
]]></system-err>
  </testcase>
</testsuite>