<?xml version="1.0" encoding="UTF-8"?>
<!-- Generated by org.testng.reporters.JUnitReportReporter -->
<testsuite hostname="Girish-Kalyan-Mac.local" failures="0" tests="3" name="Automated.Tests.OrderE2ETest" time="91.163" errors="0" timestamp="2025-02-15T16:00:26 IST" skipped="0">
  <testcase classname="Automated.Tests.OrderE2ETest" name="orderZaraCoat" time="42.077"/>
  <system-out/>
  <testcase classname="Automated.Tests.OrderE2ETest" name="checkOrder" time="14.326"/>
  <system-out/>
  <testcase classname="Automated.Tests.OrderE2ETest" name="orderZaraCoat" time="34.760"/>
  <system-out/>
</testsuite> <!-- Automated.Tests.OrderE2ETest -->
