<?xml version="1.0" encoding="UTF-8"?>
<!-- Generated by org.testng.reporters.JUnitReportReporter -->
<testsuite hostname="Girish-Kalyan-Mac.local" failures="0" tests="1" name="Automated.Tests.OrderE2ETest" time="23.092" errors="0" timestamp="2025-02-16T19:30:37 IST" skipped="0">
  <testcase classname="Automated.Tests.OrderE2ETest" name="checkOrder" time="23.092"/>
  <system-out/>
</testsuite> <!-- Automated.Tests.OrderE2ETest -->
