<?xml version="1.0" encoding="UTF-8"?>
<!-- Generated by org.testng.reporters.JUnitReportReporter -->
<testsuite hostname="Girish-Kalyan-Mac.local" failures="0" tests="1" name="OrderE2ETest" time="21.068" errors="0" timestamp="2025-02-13T19:44:00 IST" skipped="0">
  <testcase classname="OrderE2ETest" name="orderZaraCoat" time="21.068"/>
  <system-out/>
</testsuite> <!-- OrderE2ETest -->
