<?xml version="1.0" encoding="UTF-8"?>
<!-- Generated by org.testng.reporters.JUnitReportReporter -->
<testsuite hostname="Girish-Kalyan-Mac.local" failures="0" tests="2" name="Automated.Tests.NegativeTest" time="56.197" errors="0" timestamp="2025-02-16T19:31:08 IST" skipped="0">
  <testcase classname="Automated.Tests.NegativeTest" name="errorTest" time="20.478"/>
  <system-out/>
  <testcase classname="Automated.Tests.NegativeTest" name="productErrorValidation" time="35.719"/>
  <system-out/>
</testsuite> <!-- Automated.Tests.NegativeTest -->
