<?xml version="1.0" encoding="UTF-8"?>
<!-- Generated by org.testng.reporters.JUnitReportReporter -->
<testsuite hostname="Girish-Kalyan-Mac.local" failures="0" tests="2" name="Automated.Tests.NegativeTest" time="15.118" errors="0" timestamp="2025-02-16T15:02:32 IST" skipped="0">
  <testcase classname="Automated.Tests.NegativeTest" name="errorTest" time="3.264"/>
  <testcase classname="Automated.Tests.NegativeTest" name="productErrorValidation" time="11.854"/>
</testsuite> <!-- Automated.Tests.NegativeTest -->
